  [1m[36mActiveRecord::SchemaMigration Load (0.4ms)[0m  [1mSELECT "schema_migrations".* FROM "schema_migrations"[0m
Migrating to CreateTags (20150721221400)
  [1m[35m (0.2ms)[0m  BEGIN
  [1m[36m (2.8ms)[0m  [1mCREATE TABLE "tags" ("id" serial primary key, "name" character varying, "created_at" timestamp NOT NULL, "updated_at" timestamp NOT NULL) [0m
PG::DuplicateTable: ERROR:  relation "tags" already exists
: CREATE TABLE "tags" ("id" serial primary key, "name" character varying, "created_at" timestamp NOT NULL, "updated_at" timestamp NOT NULL) 
  [1m[35m (0.1ms)[0m  ROLLBACK
  [1m[36m (4.5ms)[0m  [1mCREATE TABLE "schema_migrations" ("version" character varying NOT NULL) [0m
  [1m[35m (1.3ms)[0m  CREATE UNIQUE INDEX  "unique_schema_migrations" ON "schema_migrations"  ("version")
  [1m[36mActiveRecord::SchemaMigration Load (0.3ms)[0m  [1mSELECT "schema_migrations".* FROM "schema_migrations"[0m
Migrating to CreateCreatures (20150721185521)
  [1m[35m (0.2ms)[0m  BEGIN
  [1m[36m (4.7ms)[0m  [1mCREATE TABLE "creatures" ("id" serial primary key, "name" character varying, "description" text, "created_at" timestamp NOT NULL, "updated_at" timestamp NOT NULL) [0m
  [1m[35mSQL (0.2ms)[0m  INSERT INTO "schema_migrations" ("version") VALUES ($1)  [["version", "20150721185521"]]
  [1m[36m (0.5ms)[0m  [1mCOMMIT[0m
Migrating to CreateTags (20150721221400)
  [1m[35m (0.2ms)[0m  BEGIN
  [1m[36m (3.6ms)[0m  [1mCREATE TABLE "tags" ("id" serial primary key, "name" character varying, "created_at" timestamp NOT NULL, "updated_at" timestamp NOT NULL) [0m
  [1m[35mSQL (0.2ms)[0m  INSERT INTO "schema_migrations" ("version") VALUES ($1)  [["version", "20150721221400"]]
  [1m[36m (0.4ms)[0m  [1mCOMMIT[0m
Migrating to CreateCreaturesTags (20150721221611)
  [1m[35m (0.3ms)[0m  BEGIN
  [1m[36m (2.9ms)[0m  [1mCREATE TABLE "creatures_tags" ("id" serial primary key, "creature_id" integer, "tag_id" integer, "created_at" timestamp NOT NULL, "updated_at" timestamp NOT NULL) [0m
  [1m[35m (1.0ms)[0m  CREATE  INDEX  "index_creatures_tags_on_creature_id" ON "creatures_tags"  ("creature_id")
  [1m[36m (0.9ms)[0m  [1mCREATE  INDEX  "index_creatures_tags_on_tag_id" ON "creatures_tags"  ("tag_id")[0m
  [1m[35m (2.4ms)[0m  ALTER TABLE "creatures_tags" ADD CONSTRAINT "fk_rails_27a704db18"
FOREIGN KEY ("creature_id")
  REFERENCES "creatures" ("id")

  [1m[36m (1.4ms)[0m  [1mALTER TABLE "creatures_tags" ADD CONSTRAINT "fk_rails_1ea076c99d"
FOREIGN KEY ("tag_id")
  REFERENCES "tags" ("id")
[0m
  [1m[35mSQL (0.1ms)[0m  INSERT INTO "schema_migrations" ("version") VALUES ($1)  [["version", "20150721221611"]]
  [1m[36m (0.4ms)[0m  [1mCOMMIT[0m
  [1m[35mActiveRecord::SchemaMigration Load (0.2ms)[0m  SELECT "schema_migrations".* FROM "schema_migrations"
  [1m[36m (4.3ms)[0m  [1mSELECT t2.oid::regclass::text AS to_table, a1.attname AS column, a2.attname AS primary_key, c.conname AS name, c.confupdtype AS on_update, c.confdeltype AS on_delete
FROM pg_constraint c
JOIN pg_class t1 ON c.conrelid = t1.oid
JOIN pg_class t2 ON c.confrelid = t2.oid
JOIN pg_attribute a1 ON a1.attnum = c.conkey[1] AND a1.attrelid = t1.oid
JOIN pg_attribute a2 ON a2.attnum = c.confkey[1] AND a2.attrelid = t2.oid
JOIN pg_namespace t3 ON c.connamespace = t3.oid
WHERE c.contype = 'f'
  AND t1.relname = 'creatures'
  AND t3.nspname = ANY (current_schemas(false))
ORDER BY c.conname
[0m
  [1m[35m (3.2ms)[0m  SELECT t2.oid::regclass::text AS to_table, a1.attname AS column, a2.attname AS primary_key, c.conname AS name, c.confupdtype AS on_update, c.confdeltype AS on_delete
FROM pg_constraint c
JOIN pg_class t1 ON c.conrelid = t1.oid
JOIN pg_class t2 ON c.confrelid = t2.oid
JOIN pg_attribute a1 ON a1.attnum = c.conkey[1] AND a1.attrelid = t1.oid
JOIN pg_attribute a2 ON a2.attnum = c.confkey[1] AND a2.attrelid = t2.oid
JOIN pg_namespace t3 ON c.connamespace = t3.oid
WHERE c.contype = 'f'
  AND t1.relname = 'creatures_tags'
  AND t3.nspname = ANY (current_schemas(false))
ORDER BY c.conname

  [1m[36m (2.8ms)[0m  [1mSELECT t2.oid::regclass::text AS to_table, a1.attname AS column, a2.attname AS primary_key, c.conname AS name, c.confupdtype AS on_update, c.confdeltype AS on_delete
FROM pg_constraint c
JOIN pg_class t1 ON c.conrelid = t1.oid
JOIN pg_class t2 ON c.confrelid = t2.oid
JOIN pg_attribute a1 ON a1.attnum = c.conkey[1] AND a1.attrelid = t1.oid
JOIN pg_attribute a2 ON a2.attnum = c.confkey[1] AND a2.attrelid = t2.oid
JOIN pg_namespace t3 ON c.connamespace = t3.oid
WHERE c.contype = 'f'
  AND t1.relname = 'tags'
  AND t3.nspname = ANY (current_schemas(false))
ORDER BY c.conname
[0m


Started GET "/" for ::1 at 2015-07-21 21:06:04 -0700
  [1m[36mActiveRecord::SchemaMigration Load (0.8ms)[0m  [1mSELECT "schema_migrations".* FROM "schema_migrations"[0m
Processing by MainController#index as HTML
  Rendered main/index.html.erb within layouts/application (1.6ms)
Completed 200 OK in 1348ms (Views: 1339.3ms | ActiveRecord: 0.0ms)


Started GET "/" for ::1 at 2015-07-21 21:06:06 -0700
Processing by MainController#index as HTML
  Rendered main/index.html.erb within layouts/application (0.2ms)
Completed 200 OK in 32ms (Views: 31.5ms | ActiveRecord: 0.0ms)


Started GET "/assets/creatures.self-e3b0c44298fc1c149afbf4c8996fb92427ae41e4649b934ca495991b7852b855.css?body=1" for ::1 at 2015-07-21 21:06:06 -0700


Started GET "/assets/global.self-3cc6c25ef5529dbbab424472776e0299f2279c9529341c0e8f5914dfd137ae56.css?body=1" for ::1 at 2015-07-21 21:06:06 -0700


Started GET "/assets/tags.self-e3b0c44298fc1c149afbf4c8996fb92427ae41e4649b934ca495991b7852b855.css?body=1" for ::1 at 2015-07-21 21:06:06 -0700


Started GET "/assets/tags.self-877aef30ae1b040ab8a3aba4e3e309a11d7f2612f44dde450b5c157aa5f95c05.js?body=1" for ::1 at 2015-07-21 21:06:06 -0700


Started GET "/creatures" for ::1 at 2015-07-21 21:06:14 -0700
Processing by CreaturesController#index as HTML
  [1m[35mCreature Load (0.7ms)[0m  SELECT "creatures".* FROM "creatures"
  Rendered creatures/index.html.erb within layouts/application (3.7ms)
Completed 200 OK in 50ms (Views: 38.0ms | ActiveRecord: 1.5ms)


Started GET "/" for ::1 at 2015-07-21 21:19:07 -0700
Processing by MainController#index as HTML
  Rendered main/index.html.erb within layouts/application (0.6ms)
Completed 200 OK in 41ms (Views: 41.0ms | ActiveRecord: 0.0ms)


Started GET "/creatures" for ::1 at 2015-07-21 21:19:09 -0700
Processing by CreaturesController#index as HTML
  [1m[36mCreature Load (0.3ms)[0m  [1mSELECT "creatures".* FROM "creatures"[0m
  Rendered creatures/index.html.erb within layouts/application (0.9ms)
Completed 200 OK in 40ms (Views: 38.7ms | ActiveRecord: 0.3ms)


Started GET "/tags" for ::1 at 2015-07-21 21:19:12 -0700
Processing by TagsController#index as HTML
  [1m[35mTag Load (0.8ms)[0m  SELECT "tags".* FROM "tags"
  Rendered tags/index.html.erb within layouts/application (3.2ms)
Completed 200 OK in 54ms (Views: 47.4ms | ActiveRecord: 1.8ms)


Started GET "/creatures" for ::1 at 2015-07-21 21:19:15 -0700
Processing by CreaturesController#index as HTML
  [1m[36mCreature Load (0.2ms)[0m  [1mSELECT "creatures".* FROM "creatures"[0m
  Rendered creatures/index.html.erb within layouts/application (0.9ms)
Completed 200 OK in 47ms (Views: 46.0ms | ActiveRecord: 0.2ms)


Started GET "/tags" for ::1 at 2015-07-21 21:19:16 -0700
Processing by TagsController#index as HTML
  [1m[35mTag Load (0.3ms)[0m  SELECT "tags".* FROM "tags"
  Rendered tags/index.html.erb within layouts/application (1.0ms)
Completed 200 OK in 35ms (Views: 34.3ms | ActiveRecord: 0.3ms)


Started GET "/" for ::1 at 2015-07-21 21:19:17 -0700
Processing by MainController#index as HTML
  Rendered main/index.html.erb within layouts/application (0.1ms)
Completed 200 OK in 31ms (Views: 30.2ms | ActiveRecord: 0.0ms)


Started GET "/creatures" for ::1 at 2015-07-21 21:19:23 -0700
Processing by CreaturesController#index as HTML
  [1m[36mCreature Load (0.2ms)[0m  [1mSELECT "creatures".* FROM "creatures"[0m
  Rendered creatures/index.html.erb within layouts/application (0.7ms)
Completed 200 OK in 33ms (Views: 31.8ms | ActiveRecord: 0.2ms)


Started GET "/creatures/new" for ::1 at 2015-07-21 21:19:24 -0700
Processing by CreaturesController#new as HTML
  [1m[35mTag Load (0.3ms)[0m  SELECT "tags".* FROM "tags"
  Rendered creatures/_form.html.erb (24.7ms)
  Rendered creatures/new.html.erb within layouts/application (31.1ms)
Completed 200 OK in 66ms (Views: 58.8ms | ActiveRecord: 3.2ms)


Started POST "/creatures" for ::1 at 2015-07-21 21:19:52 -0700
Processing by CreaturesController#create as HTML
  Parameters: {"utf8"=>"✓", "authenticity_token"=>"zkjDQpSwth0pSVemTCJyZ90Mu89IUBpCLm4oa7YEquyPU7Xh792kgDDZE2iU0v6xCRwH4IE2OVuLXbMqrWy6fQ==", "creature"=>{"name"=>"Nate Dogg", "description"=>"chill", "tag_ids"=>[""]}, "commit"=>"Create Creature"}
Unpermitted parameter: tag_ids
  [1m[36m (0.1ms)[0m  [1mBEGIN[0m
  [1m[35mSQL (2.7ms)[0m  INSERT INTO "creatures" ("name", "description", "created_at", "updated_at") VALUES ($1, $2, $3, $4) RETURNING "id"  [["name", "Nate Dogg"], ["description", "chill"], ["created_at", "2015-07-22 04:19:52.883813"], ["updated_at", "2015-07-22 04:19:52.883813"]]
  [1m[36m (63.9ms)[0m  [1mCOMMIT[0m
Redirected to http://localhost:3000/creatures
Completed 302 Found in 74ms (ActiveRecord: 66.8ms)


Started GET "/creatures" for ::1 at 2015-07-21 21:19:52 -0700
Processing by CreaturesController#index as HTML
  [1m[35mCreature Load (0.2ms)[0m  SELECT "creatures".* FROM "creatures"
  [1m[36mTag Load (1.2ms)[0m  [1mSELECT "tags".* FROM "tags" INNER JOIN "creatures_tags" ON "tags"."id" = "creatures_tags"."tag_id" WHERE "creatures_tags"."creature_id" = $1[0m  [["creature_id", 1]]
  Rendered creatures/index.html.erb within layouts/application (35.7ms)
Completed 200 OK in 79ms (Views: 74.7ms | ActiveRecord: 3.3ms)


Started GET "/creatures/1" for ::1 at 2015-07-21 21:19:57 -0700
Processing by CreaturesController#show as HTML
  Parameters: {"id"=>"1"}
  [1m[35mCreature Load (0.3ms)[0m  SELECT  "creatures".* FROM "creatures" WHERE "creatures"."id" = $1 LIMIT 1  [["id", 1]]
  [1m[36mTag Load (0.5ms)[0m  [1mSELECT "tags".* FROM "tags" INNER JOIN "creatures_tags" ON "tags"."id" = "creatures_tags"."tag_id" WHERE "creatures_tags"."creature_id" = $1[0m  [["creature_id", 1]]
  Rendered creatures/show.html.erb within layouts/application (2.0ms)
Completed 200 OK in 47ms (Views: 38.7ms | ActiveRecord: 0.8ms)


Started GET "/" for ::1 at 2015-07-21 21:20:00 -0700
Processing by MainController#index as HTML
  Rendered main/index.html.erb within layouts/application (0.1ms)
Completed 200 OK in 30ms (Views: 29.8ms | ActiveRecord: 0.0ms)


Started GET "/tags" for ::1 at 2015-07-21 21:20:02 -0700
Processing by TagsController#index as HTML
  [1m[35mTag Load (0.2ms)[0m  SELECT "tags".* FROM "tags"
  Rendered tags/index.html.erb within layouts/application (0.6ms)
Completed 200 OK in 34ms (Views: 32.8ms | ActiveRecord: 0.2ms)


Started GET "/tags" for ::1 at 2015-07-21 21:20:03 -0700
Processing by TagsController#index as HTML
  [1m[36mTag Load (0.2ms)[0m  [1mSELECT "tags".* FROM "tags"[0m
  Rendered tags/index.html.erb within layouts/application (0.6ms)
Completed 200 OK in 34ms (Views: 33.7ms | ActiveRecord: 0.2ms)


Started GET "/creatures" for ::1 at 2015-07-21 21:20:05 -0700
Processing by CreaturesController#index as HTML
  [1m[35mCreature Load (0.2ms)[0m  SELECT "creatures".* FROM "creatures"
  [1m[36mTag Load (0.4ms)[0m  [1mSELECT "tags".* FROM "tags" INNER JOIN "creatures_tags" ON "tags"."id" = "creatures_tags"."tag_id" WHERE "creatures_tags"."creature_id" = $1[0m  [["creature_id", 1]]
  Rendered creatures/index.html.erb within layouts/application (2.3ms)
Completed 200 OK in 34ms (Views: 32.3ms | ActiveRecord: 0.6ms)


Started GET "/creatures" for ::1 at 2015-07-21 21:42:48 -0700
Processing by CreaturesController#index as HTML
  [1m[35mCreature Load (0.4ms)[0m  SELECT "creatures".* FROM "creatures"
  [1m[36mTag Load (0.3ms)[0m  [1mSELECT "tags".* FROM "tags" INNER JOIN "creatures_tags" ON "tags"."id" = "creatures_tags"."tag_id" WHERE "creatures_tags"."creature_id" = $1[0m  [["creature_id", 1]]
  Rendered creatures/index.html.erb within layouts/application (19.7ms)
Completed 200 OK in 65ms (Views: 55.1ms | ActiveRecord: 5.3ms)


Started GET "/assets/creatures.self-e3b0c44298fc1c149afbf4c8996fb92427ae41e4649b934ca495991b7852b855.css?body=1" for ::1 at 2015-07-21 21:42:48 -0700


Started GET "/assets/main.self-e3b0c44298fc1c149afbf4c8996fb92427ae41e4649b934ca495991b7852b855.css?body=1" for ::1 at 2015-07-21 21:42:48 -0700


Started GET "/assets/global.self-3cc6c25ef5529dbbab424472776e0299f2279c9529341c0e8f5914dfd137ae56.css?body=1" for ::1 at 2015-07-21 21:42:48 -0700


Started GET "/assets/tags.self-e3b0c44298fc1c149afbf4c8996fb92427ae41e4649b934ca495991b7852b855.css?body=1" for ::1 at 2015-07-21 21:42:48 -0700


Started GET "/assets/application.self-e80e8f2318043e8af94dddc2adad5a4f09739a8ebb323b3ab31cd71d45fd9113.css?body=1" for ::1 at 2015-07-21 21:42:48 -0700


Started GET "/assets/jquery.self-d03a5518f45df77341bdbe6201ba3bfa547ebba8ed64f0ea56bfa5f96ea7c074.js?body=1" for ::1 at 2015-07-21 21:42:48 -0700


Started GET "/assets/jquery_ujs.self-ca5248a2fad13d6bd58ea121318d642f195f0b2dd818b30615f785ff365e8d1f.js?body=1" for ::1 at 2015-07-21 21:42:48 -0700


Started GET "/assets/turbolinks.self-c37727e9bd6b2735da5c311aa83fead54ed0be6cc8bd9a65309e9c5abe2cbfff.js?body=1" for ::1 at 2015-07-21 21:42:48 -0700


Started GET "/assets/creatures.self-877aef30ae1b040ab8a3aba4e3e309a11d7f2612f44dde450b5c157aa5f95c05.js?body=1" for ::1 at 2015-07-21 21:42:48 -0700


Started GET "/assets/main.self-877aef30ae1b040ab8a3aba4e3e309a11d7f2612f44dde450b5c157aa5f95c05.js?body=1" for ::1 at 2015-07-21 21:42:48 -0700


Started GET "/assets/tags.self-877aef30ae1b040ab8a3aba4e3e309a11d7f2612f44dde450b5c157aa5f95c05.js?body=1" for ::1 at 2015-07-21 21:42:48 -0700


Started GET "/assets/application.self-3b8dabdc891efe46b9a144b400ad69e37d7e5876bdc39dee783419a69d7ca819.js?body=1" for ::1 at 2015-07-21 21:42:48 -0700


Started GET "/creatures" for ::1 at 2015-07-21 21:42:54 -0700
Processing by CreaturesController#index as HTML
  [1m[35mCreature Load (0.3ms)[0m  SELECT "creatures".* FROM "creatures"
  [1m[36mTag Load (0.3ms)[0m  [1mSELECT "tags".* FROM "tags" INNER JOIN "creatures_tags" ON "tags"."id" = "creatures_tags"."tag_id" WHERE "creatures_tags"."creature_id" = $1[0m  [["creature_id", 1]]
  Rendered creatures/index.html.erb within layouts/application (17.3ms)
Completed 200 OK in 58ms (Views: 49.3ms | ActiveRecord: 4.5ms)


Started GET "/assets/creatures.self-e3b0c44298fc1c149afbf4c8996fb92427ae41e4649b934ca495991b7852b855.css?body=1" for ::1 at 2015-07-21 21:42:55 -0700


Started GET "/assets/jquery.self-d03a5518f45df77341bdbe6201ba3bfa547ebba8ed64f0ea56bfa5f96ea7c074.js?body=1" for ::1 at 2015-07-21 21:42:55 -0700


Started GET "/assets/application.self-e80e8f2318043e8af94dddc2adad5a4f09739a8ebb323b3ab31cd71d45fd9113.css?body=1" for ::1 at 2015-07-21 21:42:55 -0700


Started GET "/assets/tags.self-e3b0c44298fc1c149afbf4c8996fb92427ae41e4649b934ca495991b7852b855.css?body=1" for ::1 at 2015-07-21 21:42:55 -0700


Started GET "/assets/main.self-e3b0c44298fc1c149afbf4c8996fb92427ae41e4649b934ca495991b7852b855.css?body=1" for ::1 at 2015-07-21 21:42:55 -0700


Started GET "/assets/global.self-3cc6c25ef5529dbbab424472776e0299f2279c9529341c0e8f5914dfd137ae56.css?body=1" for ::1 at 2015-07-21 21:42:55 -0700


Started GET "/assets/jquery_ujs.self-ca5248a2fad13d6bd58ea121318d642f195f0b2dd818b30615f785ff365e8d1f.js?body=1" for ::1 at 2015-07-21 21:42:55 -0700


Started GET "/assets/turbolinks.self-c37727e9bd6b2735da5c311aa83fead54ed0be6cc8bd9a65309e9c5abe2cbfff.js?body=1" for ::1 at 2015-07-21 21:42:55 -0700


Started GET "/assets/creatures.self-877aef30ae1b040ab8a3aba4e3e309a11d7f2612f44dde450b5c157aa5f95c05.js?body=1" for ::1 at 2015-07-21 21:42:55 -0700


Started GET "/assets/main.self-877aef30ae1b040ab8a3aba4e3e309a11d7f2612f44dde450b5c157aa5f95c05.js?body=1" for ::1 at 2015-07-21 21:42:55 -0700


Started GET "/assets/tags.self-877aef30ae1b040ab8a3aba4e3e309a11d7f2612f44dde450b5c157aa5f95c05.js?body=1" for ::1 at 2015-07-21 21:42:55 -0700


Started GET "/assets/application.self-3b8dabdc891efe46b9a144b400ad69e37d7e5876bdc39dee783419a69d7ca819.js?body=1" for ::1 at 2015-07-21 21:42:55 -0700


Started DELETE "/creatures/1" for ::1 at 2015-07-21 21:43:00 -0700
Processing by CreaturesController#destroy as HTML
  Parameters: {"authenticity_token"=>"Yqz9ATOGtGnIWHz78ca3H6cJhCviz+bnK+OCWGlJg1Ajt4uiSOum9NHIODUpNjvJcxk4BCupxf6O0BkZciGTwQ==", "id"=>"1"}
  [1m[35mCreature Load (0.3ms)[0m  SELECT  "creatures".* FROM "creatures" WHERE "creatures"."id" = $1 LIMIT 1  [["id", 1]]
  [1m[36mSQL (1.6ms)[0m  [1mDELETE FROM "creatures" WHERE "creatures"."id" = $1[0m  [["id", 1]]
Redirected to http://localhost:3000/creatures
Completed 302 Found in 4ms (ActiveRecord: 1.9ms)


Started GET "/creatures" for ::1 at 2015-07-21 21:43:00 -0700
Processing by CreaturesController#index as HTML
  [1m[35mCreature Load (0.4ms)[0m  SELECT "creatures".* FROM "creatures"
  Rendered creatures/index.html.erb within layouts/application (1.0ms)
Completed 200 OK in 40ms (Views: 38.9ms | ActiveRecord: 0.4ms)


Started GET "/" for ::1 at 2015-07-21 21:43:11 -0700
Processing by MainController#index as HTML
  Rendered main/index.html.erb within layouts/application (0.4ms)
Completed 200 OK in 33ms (Views: 32.0ms | ActiveRecord: 0.0ms)


Started GET "/" for ::1 at 2015-07-22 08:41:10 -0700
  [1m[36mActiveRecord::SchemaMigration Load (0.6ms)[0m  [1mSELECT "schema_migrations".* FROM "schema_migrations"[0m
Processing by MainController#index as HTML
  Rendered main/index.html.erb within layouts/application (2.2ms)
Completed 200 OK in 182ms (Views: 173.3ms | ActiveRecord: 0.0ms)


Started GET "/assets/creatures.self-e3b0c44298fc1c149afbf4c8996fb92427ae41e4649b934ca495991b7852b855.css?body=1" for ::1 at 2015-07-22 08:41:10 -0700


Started GET "/assets/global.self-3cc6c25ef5529dbbab424472776e0299f2279c9529341c0e8f5914dfd137ae56.css?body=1" for ::1 at 2015-07-22 08:41:10 -0700


Started GET "/assets/main.self-e3b0c44298fc1c149afbf4c8996fb92427ae41e4649b934ca495991b7852b855.css?body=1" for ::1 at 2015-07-22 08:41:10 -0700


Started GET "/assets/tags.self-e3b0c44298fc1c149afbf4c8996fb92427ae41e4649b934ca495991b7852b855.css?body=1" for ::1 at 2015-07-22 08:41:10 -0700


Started GET "/assets/application.self-e80e8f2318043e8af94dddc2adad5a4f09739a8ebb323b3ab31cd71d45fd9113.css?body=1" for ::1 at 2015-07-22 08:41:10 -0700


Started GET "/assets/jquery.self-d03a5518f45df77341bdbe6201ba3bfa547ebba8ed64f0ea56bfa5f96ea7c074.js?body=1" for ::1 at 2015-07-22 08:41:10 -0700


Started GET "/assets/jquery_ujs.self-ca5248a2fad13d6bd58ea121318d642f195f0b2dd818b30615f785ff365e8d1f.js?body=1" for ::1 at 2015-07-22 08:41:10 -0700


Started GET "/assets/turbolinks.self-c37727e9bd6b2735da5c311aa83fead54ed0be6cc8bd9a65309e9c5abe2cbfff.js?body=1" for ::1 at 2015-07-22 08:41:10 -0700


Started GET "/assets/creatures.self-877aef30ae1b040ab8a3aba4e3e309a11d7f2612f44dde450b5c157aa5f95c05.js?body=1" for ::1 at 2015-07-22 08:41:10 -0700


Started GET "/assets/main.self-877aef30ae1b040ab8a3aba4e3e309a11d7f2612f44dde450b5c157aa5f95c05.js?body=1" for ::1 at 2015-07-22 08:41:10 -0700


Started GET "/assets/tags.self-877aef30ae1b040ab8a3aba4e3e309a11d7f2612f44dde450b5c157aa5f95c05.js?body=1" for ::1 at 2015-07-22 08:41:10 -0700


Started GET "/assets/application.self-3b8dabdc891efe46b9a144b400ad69e37d7e5876bdc39dee783419a69d7ca819.js?body=1" for ::1 at 2015-07-22 08:41:10 -0700


Started GET "/tags" for ::1 at 2015-07-22 08:41:14 -0700

ActionController::RoutingError (undefined local variable or method `privat' for TagsController:Class):
  app/controllers/tags_controller.rb:25:in `<class:TagsController>'
  app/controllers/tags_controller.rb:1:in `<top (required)>'


  Rendered /Users/nathanmaas/.rbenv/versions/2.2.2/lib/ruby/gems/2.2.0/gems/actionpack-4.2.2/lib/action_dispatch/middleware/templates/rescues/_trace.html.erb (3.7ms)
  Rendered /Users/nathanmaas/.rbenv/versions/2.2.2/lib/ruby/gems/2.2.0/gems/actionpack-4.2.2/lib/action_dispatch/middleware/templates/routes/_route.html.erb (3.1ms)
  Rendered /Users/nathanmaas/.rbenv/versions/2.2.2/lib/ruby/gems/2.2.0/gems/actionpack-4.2.2/lib/action_dispatch/middleware/templates/routes/_table.html.erb (10.4ms)
  Rendered /Users/nathanmaas/.rbenv/versions/2.2.2/lib/ruby/gems/2.2.0/gems/actionpack-4.2.2/lib/action_dispatch/middleware/templates/rescues/_request_and_response.html.erb (2.2ms)
  Rendered /Users/nathanmaas/.rbenv/versions/2.2.2/lib/ruby/gems/2.2.0/gems/actionpack-4.2.2/lib/action_dispatch/middleware/templates/rescues/routing_error.html.erb within rescues/layout (99.4ms)
  Rendered /Users/nathanmaas/.rbenv/versions/2.2.2/lib/ruby/gems/2.2.0/gems/web-console-2.2.1/lib/web_console/templates/_markup.html.erb (0.6ms)
  Rendered /Users/nathanmaas/.rbenv/versions/2.2.2/lib/ruby/gems/2.2.0/gems/web-console-2.2.1/lib/web_console/templates/_inner_console_markup.html.erb within layouts/inlined_string (0.3ms)
  Rendered /Users/nathanmaas/.rbenv/versions/2.2.2/lib/ruby/gems/2.2.0/gems/web-console-2.2.1/lib/web_console/templates/_prompt_box_markup.html.erb within layouts/inlined_string (0.3ms)
  Rendered /Users/nathanmaas/.rbenv/versions/2.2.2/lib/ruby/gems/2.2.0/gems/web-console-2.2.1/lib/web_console/templates/style.css.erb within layouts/inlined_string (0.3ms)
  Rendered /Users/nathanmaas/.rbenv/versions/2.2.2/lib/ruby/gems/2.2.0/gems/web-console-2.2.1/lib/web_console/templates/console.js.erb within layouts/javascript (48.7ms)
  Rendered /Users/nathanmaas/.rbenv/versions/2.2.2/lib/ruby/gems/2.2.0/gems/web-console-2.2.1/lib/web_console/templates/main.js.erb within layouts/javascript (0.2ms)
  Rendered /Users/nathanmaas/.rbenv/versions/2.2.2/lib/ruby/gems/2.2.0/gems/web-console-2.2.1/lib/web_console/templates/error_page.js.erb within layouts/javascript (0.4ms)
  Rendered /Users/nathanmaas/.rbenv/versions/2.2.2/lib/ruby/gems/2.2.0/gems/web-console-2.2.1/lib/web_console/templates/index.html.erb (105.9ms)


Started GET "/tags" for ::1 at 2015-07-22 08:41:14 -0700

ActionController::RoutingError (undefined local variable or method `privat' for TagsController:Class):
  app/controllers/tags_controller.rb:25:in `<class:TagsController>'
  app/controllers/tags_controller.rb:1:in `<top (required)>'


  Rendered /Users/nathanmaas/.rbenv/versions/2.2.2/lib/ruby/gems/2.2.0/gems/actionpack-4.2.2/lib/action_dispatch/middleware/templates/rescues/_trace.html.erb (1.6ms)
  Rendered /Users/nathanmaas/.rbenv/versions/2.2.2/lib/ruby/gems/2.2.0/gems/actionpack-4.2.2/lib/action_dispatch/middleware/templates/routes/_route.html.erb (0.9ms)
  Rendered /Users/nathanmaas/.rbenv/versions/2.2.2/lib/ruby/gems/2.2.0/gems/actionpack-4.2.2/lib/action_dispatch/middleware/templates/routes/_table.html.erb (1.0ms)
  Rendered /Users/nathanmaas/.rbenv/versions/2.2.2/lib/ruby/gems/2.2.0/gems/actionpack-4.2.2/lib/action_dispatch/middleware/templates/rescues/_request_and_response.html.erb (1.3ms)
  Rendered /Users/nathanmaas/.rbenv/versions/2.2.2/lib/ruby/gems/2.2.0/gems/actionpack-4.2.2/lib/action_dispatch/middleware/templates/rescues/routing_error.html.erb within rescues/layout (71.5ms)
  Rendered /Users/nathanmaas/.rbenv/versions/2.2.2/lib/ruby/gems/2.2.0/gems/web-console-2.2.1/lib/web_console/templates/_markup.html.erb (0.4ms)
  Rendered /Users/nathanmaas/.rbenv/versions/2.2.2/lib/ruby/gems/2.2.0/gems/web-console-2.2.1/lib/web_console/templates/_inner_console_markup.html.erb within layouts/inlined_string (0.2ms)
  Rendered /Users/nathanmaas/.rbenv/versions/2.2.2/lib/ruby/gems/2.2.0/gems/web-console-2.2.1/lib/web_console/templates/_prompt_box_markup.html.erb within layouts/inlined_string (0.2ms)
  Rendered /Users/nathanmaas/.rbenv/versions/2.2.2/lib/ruby/gems/2.2.0/gems/web-console-2.2.1/lib/web_console/templates/style.css.erb within layouts/inlined_string (0.3ms)
  Rendered /Users/nathanmaas/.rbenv/versions/2.2.2/lib/ruby/gems/2.2.0/gems/web-console-2.2.1/lib/web_console/templates/console.js.erb within layouts/javascript (45.1ms)
  Rendered /Users/nathanmaas/.rbenv/versions/2.2.2/lib/ruby/gems/2.2.0/gems/web-console-2.2.1/lib/web_console/templates/main.js.erb within layouts/javascript (0.3ms)
  Rendered /Users/nathanmaas/.rbenv/versions/2.2.2/lib/ruby/gems/2.2.0/gems/web-console-2.2.1/lib/web_console/templates/error_page.js.erb within layouts/javascript (0.2ms)
  Rendered /Users/nathanmaas/.rbenv/versions/2.2.2/lib/ruby/gems/2.2.0/gems/web-console-2.2.1/lib/web_console/templates/index.html.erb (103.3ms)


Started GET "/tags" for ::1 at 2015-07-22 08:42:17 -0700
Processing by TagsController#index as HTML
Completed 500 Internal Server Error in 3ms (ActiveRecord: 0.0ms)

SyntaxError (/Users/nathanmaas/WDI/bog_many_to_many/app/models/tag.rb:7: syntax error, unexpected keyword_end, expecting end-of-input):
  app/models/tag.rb:7: syntax error, unexpected keyword_end, expecting end-of-input
  app/controllers/tags_controller.rb:3:in `index'


  Rendered /Users/nathanmaas/.rbenv/versions/2.2.2/lib/ruby/gems/2.2.0/gems/actionpack-4.2.2/lib/action_dispatch/middleware/templates/rescues/_source.erb (5.4ms)
  Rendered /Users/nathanmaas/.rbenv/versions/2.2.2/lib/ruby/gems/2.2.0/gems/actionpack-4.2.2/lib/action_dispatch/middleware/templates/rescues/_trace.html.erb (2.4ms)
  Rendered /Users/nathanmaas/.rbenv/versions/2.2.2/lib/ruby/gems/2.2.0/gems/actionpack-4.2.2/lib/action_dispatch/middleware/templates/rescues/_request_and_response.html.erb (0.7ms)
  Rendered /Users/nathanmaas/.rbenv/versions/2.2.2/lib/ruby/gems/2.2.0/gems/actionpack-4.2.2/lib/action_dispatch/middleware/templates/rescues/diagnostics.html.erb within rescues/layout (56.2ms)
  Rendered /Users/nathanmaas/.rbenv/versions/2.2.2/lib/ruby/gems/2.2.0/gems/web-console-2.2.1/lib/web_console/templates/_markup.html.erb (0.4ms)
  Rendered /Users/nathanmaas/.rbenv/versions/2.2.2/lib/ruby/gems/2.2.0/gems/web-console-2.2.1/lib/web_console/templates/_inner_console_markup.html.erb within layouts/inlined_string (0.3ms)
  Rendered /Users/nathanmaas/.rbenv/versions/2.2.2/lib/ruby/gems/2.2.0/gems/web-console-2.2.1/lib/web_console/templates/_prompt_box_markup.html.erb within layouts/inlined_string (0.3ms)
  Rendered /Users/nathanmaas/.rbenv/versions/2.2.2/lib/ruby/gems/2.2.0/gems/web-console-2.2.1/lib/web_console/templates/style.css.erb within layouts/inlined_string (0.3ms)
  Rendered /Users/nathanmaas/.rbenv/versions/2.2.2/lib/ruby/gems/2.2.0/gems/web-console-2.2.1/lib/web_console/templates/console.js.erb within layouts/javascript (43.2ms)
  Rendered /Users/nathanmaas/.rbenv/versions/2.2.2/lib/ruby/gems/2.2.0/gems/web-console-2.2.1/lib/web_console/templates/main.js.erb within layouts/javascript (0.2ms)
  Rendered /Users/nathanmaas/.rbenv/versions/2.2.2/lib/ruby/gems/2.2.0/gems/web-console-2.2.1/lib/web_console/templates/error_page.js.erb within layouts/javascript (0.4ms)
  Rendered /Users/nathanmaas/.rbenv/versions/2.2.2/lib/ruby/gems/2.2.0/gems/web-console-2.2.1/lib/web_console/templates/index.html.erb (95.9ms)


Started GET "/tags" for ::1 at 2015-07-22 08:42:40 -0700
Processing by TagsController#index as HTML
  [1m[35mTag Load (0.5ms)[0m  SELECT "tags".* FROM "tags"
  Rendered tags/index.html.erb within layouts/application (2.7ms)
Completed 200 OK in 57ms (Views: 43.5ms | ActiveRecord: 1.4ms)


Started GET "/assets/creatures.self-e3b0c44298fc1c149afbf4c8996fb92427ae41e4649b934ca495991b7852b855.css?body=1" for ::1 at 2015-07-22 08:42:40 -0700


Started GET "/assets/main.self-e3b0c44298fc1c149afbf4c8996fb92427ae41e4649b934ca495991b7852b855.css?body=1" for ::1 at 2015-07-22 08:42:40 -0700


Started GET "/assets/tags.self-e3b0c44298fc1c149afbf4c8996fb92427ae41e4649b934ca495991b7852b855.css?body=1" for ::1 at 2015-07-22 08:42:40 -0700


Started GET "/assets/jquery.self-d03a5518f45df77341bdbe6201ba3bfa547ebba8ed64f0ea56bfa5f96ea7c074.js?body=1" for ::1 at 2015-07-22 08:42:40 -0700


Started GET "/assets/application.self-e80e8f2318043e8af94dddc2adad5a4f09739a8ebb323b3ab31cd71d45fd9113.css?body=1" for ::1 at 2015-07-22 08:42:40 -0700


Started GET "/assets/global.self-3cc6c25ef5529dbbab424472776e0299f2279c9529341c0e8f5914dfd137ae56.css?body=1" for ::1 at 2015-07-22 08:42:40 -0700


Started GET "/assets/jquery_ujs.self-ca5248a2fad13d6bd58ea121318d642f195f0b2dd818b30615f785ff365e8d1f.js?body=1" for ::1 at 2015-07-22 08:42:40 -0700


Started GET "/assets/turbolinks.self-c37727e9bd6b2735da5c311aa83fead54ed0be6cc8bd9a65309e9c5abe2cbfff.js?body=1" for ::1 at 2015-07-22 08:42:40 -0700


Started GET "/assets/creatures.self-877aef30ae1b040ab8a3aba4e3e309a11d7f2612f44dde450b5c157aa5f95c05.js?body=1" for ::1 at 2015-07-22 08:42:40 -0700


Started GET "/assets/main.self-877aef30ae1b040ab8a3aba4e3e309a11d7f2612f44dde450b5c157aa5f95c05.js?body=1" for ::1 at 2015-07-22 08:42:40 -0700


Started GET "/assets/tags.self-877aef30ae1b040ab8a3aba4e3e309a11d7f2612f44dde450b5c157aa5f95c05.js?body=1" for ::1 at 2015-07-22 08:42:40 -0700


Started GET "/assets/application.self-3b8dabdc891efe46b9a144b400ad69e37d7e5876bdc39dee783419a69d7ca819.js?body=1" for ::1 at 2015-07-22 08:42:40 -0700


Started GET "/tags" for ::1 at 2015-07-22 08:42:42 -0700
Processing by TagsController#index as HTML
  [1m[36mTag Load (0.2ms)[0m  [1mSELECT "tags".* FROM "tags"[0m
  Rendered tags/index.html.erb within layouts/application (0.8ms)
Completed 200 OK in 35ms (Views: 34.4ms | ActiveRecord: 0.2ms)


Started GET "/" for ::1 at 2015-07-22 08:42:45 -0700
Processing by MainController#index as HTML
  Rendered main/index.html.erb within layouts/application (0.4ms)
Completed 200 OK in 33ms (Views: 32.7ms | ActiveRecord: 0.0ms)


Started GET "/creatures" for ::1 at 2015-07-22 08:42:46 -0700
Processing by CreaturesController#index as HTML
  [1m[35mCreature Load (0.4ms)[0m  SELECT "creatures".* FROM "creatures"
  Rendered creatures/index.html.erb within layouts/application (2.6ms)
Completed 200 OK in 42ms (Views: 36.4ms | ActiveRecord: 1.2ms)


Started GET "/creatures/new" for ::1 at 2015-07-22 08:42:48 -0700
Processing by CreaturesController#new as HTML
  [1m[36mTag Load (0.2ms)[0m  [1mSELECT "tags".* FROM "tags"[0m
  Rendered creatures/_form.html.erb (13.4ms)
  Rendered creatures/new.html.erb within layouts/application (15.9ms)
Completed 200 OK in 51ms (Views: 45.7ms | ActiveRecord: 2.7ms)


Started POST "/creatures" for ::1 at 2015-07-22 08:51:54 -0700
Processing by CreaturesController#create as HTML
  Parameters: {"utf8"=>"✓", "authenticity_token"=>"IWEwwnpeVNGOj89vlypokZSHxrPVwN4nMFgrnwM50ABgekZhATNGTJcfi6FP2uRHQJd6nBym/T6Va7DeGFHAkQ==", "creature"=>{"name"=>"Nate Dogg", "description"=>"chill", "tag_ids"=>[""]}, "commit"=>"Create Creature"}
Unpermitted parameter: tag_ids
  [1m[35m (0.1ms)[0m  BEGIN
  [1m[36mSQL (0.5ms)[0m  [1mINSERT INTO "creatures" ("name", "description", "created_at", "updated_at") VALUES ($1, $2, $3, $4) RETURNING "id"[0m  [["name", "Nate Dogg"], ["description", "chill"], ["created_at", "2015-07-22 15:51:54.406585"], ["updated_at", "2015-07-22 15:51:54.406585"]]
  [1m[35m (64.2ms)[0m  COMMIT
Redirected to http://localhost:3000/creatures
Completed 302 Found in 79ms (ActiveRecord: 64.8ms)


Started GET "/creatures" for ::1 at 2015-07-22 08:51:54 -0700
Processing by CreaturesController#index as HTML
  [1m[36mCreature Load (0.3ms)[0m  [1mSELECT "creatures".* FROM "creatures"[0m
  [1m[35mTag Load (1.3ms)[0m  SELECT "tags".* FROM "tags" INNER JOIN "creatures_tags" ON "tags"."id" = "creatures_tags"."tag_id" WHERE "creatures_tags"."creature_id" = $1  [["creature_id", 2]]
  Rendered creatures/index.html.erb within layouts/application (40.8ms)
Completed 200 OK in 98ms (Views: 94.7ms | ActiveRecord: 3.0ms)


Started DELETE "/creatures/2" for ::1 at 2015-07-22 08:51:58 -0700
Processing by CreaturesController#destroy as HTML
  Parameters: {"authenticity_token"=>"qYIaqBplJ5wjoOS9aR8aANt8+5yjm1o2lIdGPDE2cDjomWwLYQg1ATowoHOx75bWD2xHs2r9eS8xtN19Kl5gqQ==", "id"=>"2"}
  [1m[36mCreature Load (0.3ms)[0m  [1mSELECT  "creatures".* FROM "creatures" WHERE "creatures"."id" = $1 LIMIT 1[0m  [["id", 2]]
  [1m[35mSQL (0.8ms)[0m  DELETE FROM "creatures" WHERE "creatures"."id" = $1  [["id", 2]]
Redirected to http://localhost:3000/creatures
Completed 302 Found in 9ms (ActiveRecord: 1.1ms)


Started GET "/creatures" for ::1 at 2015-07-22 08:51:58 -0700
Processing by CreaturesController#index as HTML
  [1m[36mCreature Load (0.5ms)[0m  [1mSELECT "creatures".* FROM "creatures"[0m
  Rendered creatures/index.html.erb within layouts/application (1.3ms)
Completed 200 OK in 36ms (Views: 35.0ms | ActiveRecord: 0.5ms)
